[2018-10-24 20:01:54] laravel.EMERGENCY: Unable to create configured logger. Using emergency logger. {"exception":"[object] (InvalidArgumentException(code: 0): Log [] is not defined. at /var/www/html/bookmarks/vendor/laravel/framework/src/Illuminate/Log/LogManager.php:167)
[stacktrace]
#0 /var/www/html/bookmarks/vendor/laravel/framework/src/Illuminate/Log/LogManager.php(101): Illuminate\\Log\\LogManager->resolve(NULL)
#1 /var/www/html/bookmarks/vendor/laravel/framework/src/Illuminate/Log/LogManager.php(89): Illuminate\\Log\\LogManager->get(NULL)
#2 /var/www/html/bookmarks/vendor/laravel/framework/src/Illuminate/Log/LogManager.php(488): Illuminate\\Log\\LogManager->driver()
#3 /var/www/html/bookmarks/vendor/laravel/framework/src/Illuminate/Foundation/Exceptions/Handler.php(114): Illuminate\\Log\\LogManager->error('syntax error, u...', Array)
#4 /var/www/html/bookmarks/app/Exceptions/Handler.php(37): Illuminate\\Foundation\\Exceptions\\Handler->report(Object(Symfony\\Component\\Debug\\Exception\\FatalThrowableError))
#5 /var/www/html/bookmarks/vendor/laravel/framework/src/Illuminate/Foundation/Http/Kernel.php(314): App\\Exceptions\\Handler->report(Object(Symfony\\Component\\Debug\\Exception\\FatalThrowableError))
#6 /var/www/html/bookmarks/vendor/laravel/framework/src/Illuminate/Foundation/Http/Kernel.php(122): Illuminate\\Foundation\\Http\\Kernel->reportException(Object(Symfony\\Component\\Debug\\Exception\\FatalThrowableError))
#7 /var/www/html/bookmarks/public/index.php(60): Illuminate\\Foundation\\Http\\Kernel->handle(Object(Illuminate\\Http\\Request))
#8 {main}
"} 
[2018-10-24 20:01:54] laravel.ERROR: syntax error, unexpected ''Gate'' (T_CONSTANT_ENCAPSED_STRING), expecting ']' {"exception":"[object] (Symfony\\Component\\Debug\\Exception\\FatalThrowableError(code: 0): syntax error, unexpected ''Gate'' (T_CONSTANT_ENCAPSED_STRING), expecting ']' at /var/www/html/bookmarks/config/app.php:206)
[stacktrace]
#0 /var/www/html/bookmarks/vendor/laravel/framework/src/Illuminate/Foundation/Bootstrap/LoadConfiguration.php(39): Illuminate\\Foundation\\Bootstrap\\LoadConfiguration->loadConfigurationFiles(Object(Illuminate\\Foundation\\Application), Object(Illuminate\\Config\\Repository))
#1 /var/www/html/bookmarks/vendor/laravel/framework/src/Illuminate/Foundation/Application.php(206): Illuminate\\Foundation\\Bootstrap\\LoadConfiguration->bootstrap(Object(Illuminate\\Foundation\\Application))
#2 /var/www/html/bookmarks/vendor/laravel/framework/src/Illuminate/Foundation/Http/Kernel.php(162): Illuminate\\Foundation\\Application->bootstrapWith(Array)
#3 /var/www/html/bookmarks/vendor/laravel/framework/src/Illuminate/Foundation/Http/Kernel.php(146): Illuminate\\Foundation\\Http\\Kernel->bootstrap()
#4 /var/www/html/bookmarks/vendor/laravel/framework/src/Illuminate/Foundation/Http/Kernel.php(116): Illuminate\\Foundation\\Http\\Kernel->sendRequestThroughRouter(Object(Illuminate\\Http\\Request))
#5 /var/www/html/bookmarks/public/index.php(60): Illuminate\\Foundation\\Http\\Kernel->handle(Object(Illuminate\\Http\\Request))
#6 {main}
"} 
[2018-10-24 20:01:55] laravel.EMERGENCY: Unable to create configured logger. Using emergency logger. {"exception":"[object] (InvalidArgumentException(code: 0): Log [] is not defined. at /var/www/html/bookmarks/vendor/laravel/framework/src/Illuminate/Log/LogManager.php:167)
[stacktrace]
#0 /var/www/html/bookmarks/vendor/laravel/framework/src/Illuminate/Log/LogManager.php(101): Illuminate\\Log\\LogManager->resolve(NULL)
#1 /var/www/html/bookmarks/vendor/laravel/framework/src/Illuminate/Log/LogManager.php(89): Illuminate\\Log\\LogManager->get(NULL)
#2 /var/www/html/bookmarks/vendor/laravel/framework/src/Illuminate/Log/LogManager.php(488): Illuminate\\Log\\LogManager->driver()
#3 /var/www/html/bookmarks/vendor/laravel/framework/src/Illuminate/Foundation/Exceptions/Handler.php(114): Illuminate\\Log\\LogManager->error('syntax error, u...', Array)
#4 /var/www/html/bookmarks/app/Exceptions/Handler.php(37): Illuminate\\Foundation\\Exceptions\\Handler->report(Object(Symfony\\Component\\Debug\\Exception\\FatalThrowableError))
#5 /var/www/html/bookmarks/vendor/laravel/framework/src/Illuminate/Foundation/Http/Kernel.php(314): App\\Exceptions\\Handler->report(Object(Symfony\\Component\\Debug\\Exception\\FatalThrowableError))
#6 /var/www/html/bookmarks/vendor/laravel/framework/src/Illuminate/Foundation/Http/Kernel.php(122): Illuminate\\Foundation\\Http\\Kernel->reportException(Object(Symfony\\Component\\Debug\\Exception\\FatalThrowableError))
#7 /var/www/html/bookmarks/public/index.php(60): Illuminate\\Foundation\\Http\\Kernel->handle(Object(Illuminate\\Http\\Request))
#8 {main}
"} 
[2018-10-24 20:01:55] laravel.ERROR: syntax error, unexpected ''Gate'' (T_CONSTANT_ENCAPSED_STRING), expecting ']' {"exception":"[object] (Symfony\\Component\\Debug\\Exception\\FatalThrowableError(code: 0): syntax error, unexpected ''Gate'' (T_CONSTANT_ENCAPSED_STRING), expecting ']' at /var/www/html/bookmarks/config/app.php:206)
[stacktrace]
#0 /var/www/html/bookmarks/vendor/laravel/framework/src/Illuminate/Foundation/Bootstrap/LoadConfiguration.php(39): Illuminate\\Foundation\\Bootstrap\\LoadConfiguration->loadConfigurationFiles(Object(Illuminate\\Foundation\\Application), Object(Illuminate\\Config\\Repository))
#1 /var/www/html/bookmarks/vendor/laravel/framework/src/Illuminate/Foundation/Application.php(206): Illuminate\\Foundation\\Bootstrap\\LoadConfiguration->bootstrap(Object(Illuminate\\Foundation\\Application))
#2 /var/www/html/bookmarks/vendor/laravel/framework/src/Illuminate/Foundation/Http/Kernel.php(162): Illuminate\\Foundation\\Application->bootstrapWith(Array)
#3 /var/www/html/bookmarks/vendor/laravel/framework/src/Illuminate/Foundation/Http/Kernel.php(146): Illuminate\\Foundation\\Http\\Kernel->bootstrap()
#4 /var/www/html/bookmarks/vendor/laravel/framework/src/Illuminate/Foundation/Http/Kernel.php(116): Illuminate\\Foundation\\Http\\Kernel->sendRequestThroughRouter(Object(Illuminate\\Http\\Request))
#5 /var/www/html/bookmarks/public/index.php(60): Illuminate\\Foundation\\Http\\Kernel->handle(Object(Illuminate\\Http\\Request))
#6 {main}
"} 
[2018-10-24 20:01:57] laravel.EMERGENCY: Unable to create configured logger. Using emergency logger. {"exception":"[object] (InvalidArgumentException(code: 0): Log [] is not defined. at /var/www/html/bookmarks/vendor/laravel/framework/src/Illuminate/Log/LogManager.php:167)
[stacktrace]
#0 /var/www/html/bookmarks/vendor/laravel/framework/src/Illuminate/Log/LogManager.php(101): Illuminate\\Log\\LogManager->resolve(NULL)
#1 /var/www/html/bookmarks/vendor/laravel/framework/src/Illuminate/Log/LogManager.php(89): Illuminate\\Log\\LogManager->get(NULL)
#2 /var/www/html/bookmarks/vendor/laravel/framework/src/Illuminate/Log/LogManager.php(488): Illuminate\\Log\\LogManager->driver()
#3 /var/www/html/bookmarks/vendor/laravel/framework/src/Illuminate/Foundation/Exceptions/Handler.php(114): Illuminate\\Log\\LogManager->error('syntax error, u...', Array)
#4 /var/www/html/bookmarks/app/Exceptions/Handler.php(37): Illuminate\\Foundation\\Exceptions\\Handler->report(Object(Symfony\\Component\\Debug\\Exception\\FatalThrowableError))
#5 /var/www/html/bookmarks/vendor/laravel/framework/src/Illuminate/Foundation/Http/Kernel.php(314): App\\Exceptions\\Handler->report(Object(Symfony\\Component\\Debug\\Exception\\FatalThrowableError))
#6 /var/www/html/bookmarks/vendor/laravel/framework/src/Illuminate/Foundation/Http/Kernel.php(122): Illuminate\\Foundation\\Http\\Kernel->reportException(Object(Symfony\\Component\\Debug\\Exception\\FatalThrowableError))
#7 /var/www/html/bookmarks/public/index.php(60): Illuminate\\Foundation\\Http\\Kernel->handle(Object(Illuminate\\Http\\Request))
#8 {main}
"} 
[2018-10-24 20:01:57] laravel.ERROR: syntax error, unexpected ''Gate'' (T_CONSTANT_ENCAPSED_STRING), expecting ']' {"exception":"[object] (Symfony\\Component\\Debug\\Exception\\FatalThrowableError(code: 0): syntax error, unexpected ''Gate'' (T_CONSTANT_ENCAPSED_STRING), expecting ']' at /var/www/html/bookmarks/config/app.php:206)
[stacktrace]
#0 /var/www/html/bookmarks/vendor/laravel/framework/src/Illuminate/Foundation/Bootstrap/LoadConfiguration.php(39): Illuminate\\Foundation\\Bootstrap\\LoadConfiguration->loadConfigurationFiles(Object(Illuminate\\Foundation\\Application), Object(Illuminate\\Config\\Repository))
#1 /var/www/html/bookmarks/vendor/laravel/framework/src/Illuminate/Foundation/Application.php(206): Illuminate\\Foundation\\Bootstrap\\LoadConfiguration->bootstrap(Object(Illuminate\\Foundation\\Application))
#2 /var/www/html/bookmarks/vendor/laravel/framework/src/Illuminate/Foundation/Http/Kernel.php(162): Illuminate\\Foundation\\Application->bootstrapWith(Array)
#3 /var/www/html/bookmarks/vendor/laravel/framework/src/Illuminate/Foundation/Http/Kernel.php(146): Illuminate\\Foundation\\Http\\Kernel->bootstrap()
#4 /var/www/html/bookmarks/vendor/laravel/framework/src/Illuminate/Foundation/Http/Kernel.php(116): Illuminate\\Foundation\\Http\\Kernel->sendRequestThroughRouter(Object(Illuminate\\Http\\Request))
#5 /var/www/html/bookmarks/public/index.php(60): Illuminate\\Foundation\\Http\\Kernel->handle(Object(Illuminate\\Http\\Request))
#6 {main}
"} 
[2018-10-24 20:02:04] laravel.EMERGENCY: Unable to create configured logger. Using emergency logger. {"exception":"[object] (InvalidArgumentException(code: 0): Log [] is not defined. at /var/www/html/bookmarks/vendor/laravel/framework/src/Illuminate/Log/LogManager.php:167)
[stacktrace]
#0 /var/www/html/bookmarks/vendor/laravel/framework/src/Illuminate/Log/LogManager.php(101): Illuminate\\Log\\LogManager->resolve(NULL)
#1 /var/www/html/bookmarks/vendor/laravel/framework/src/Illuminate/Log/LogManager.php(89): Illuminate\\Log\\LogManager->get(NULL)
#2 /var/www/html/bookmarks/vendor/laravel/framework/src/Illuminate/Log/LogManager.php(488): Illuminate\\Log\\LogManager->driver()
#3 /var/www/html/bookmarks/vendor/laravel/framework/src/Illuminate/Foundation/Exceptions/Handler.php(114): Illuminate\\Log\\LogManager->error('syntax error, u...', Array)
#4 /var/www/html/bookmarks/app/Exceptions/Handler.php(37): Illuminate\\Foundation\\Exceptions\\Handler->report(Object(Symfony\\Component\\Debug\\Exception\\FatalThrowableError))
#5 /var/www/html/bookmarks/vendor/laravel/framework/src/Illuminate/Foundation/Http/Kernel.php(314): App\\Exceptions\\Handler->report(Object(Symfony\\Component\\Debug\\Exception\\FatalThrowableError))
#6 /var/www/html/bookmarks/vendor/laravel/framework/src/Illuminate/Foundation/Http/Kernel.php(122): Illuminate\\Foundation\\Http\\Kernel->reportException(Object(Symfony\\Component\\Debug\\Exception\\FatalThrowableError))
#7 /var/www/html/bookmarks/public/index.php(60): Illuminate\\Foundation\\Http\\Kernel->handle(Object(Illuminate\\Http\\Request))
#8 {main}
"} 
[2018-10-24 20:02:04] laravel.ERROR: syntax error, unexpected ''Gate'' (T_CONSTANT_ENCAPSED_STRING), expecting ']' {"exception":"[object] (Symfony\\Component\\Debug\\Exception\\FatalThrowableError(code: 0): syntax error, unexpected ''Gate'' (T_CONSTANT_ENCAPSED_STRING), expecting ']' at /var/www/html/bookmarks/config/app.php:206)
[stacktrace]
#0 /var/www/html/bookmarks/vendor/laravel/framework/src/Illuminate/Foundation/Bootstrap/LoadConfiguration.php(39): Illuminate\\Foundation\\Bootstrap\\LoadConfiguration->loadConfigurationFiles(Object(Illuminate\\Foundation\\Application), Object(Illuminate\\Config\\Repository))
#1 /var/www/html/bookmarks/vendor/laravel/framework/src/Illuminate/Foundation/Application.php(206): Illuminate\\Foundation\\Bootstrap\\LoadConfiguration->bootstrap(Object(Illuminate\\Foundation\\Application))
#2 /var/www/html/bookmarks/vendor/laravel/framework/src/Illuminate/Foundation/Http/Kernel.php(162): Illuminate\\Foundation\\Application->bootstrapWith(Array)
#3 /var/www/html/bookmarks/vendor/laravel/framework/src/Illuminate/Foundation/Http/Kernel.php(146): Illuminate\\Foundation\\Http\\Kernel->bootstrap()
#4 /var/www/html/bookmarks/vendor/laravel/framework/src/Illuminate/Foundation/Http/Kernel.php(116): Illuminate\\Foundation\\Http\\Kernel->sendRequestThroughRouter(Object(Illuminate\\Http\\Request))
#5 /var/www/html/bookmarks/public/index.php(60): Illuminate\\Foundation\\Http\\Kernel->handle(Object(Illuminate\\Http\\Request))
#6 {main}
"} 
